(---------------------------------------------------------------------)
(                                                                     )
(    NC DRILL Log                                                     )
(                                                                     )
(    Drawing          : ncdrill                                       )
(    Software Version : 16.5S052                                      )
(    Date/Time        : Fri Nov 07 03:57:00 2014                      )
(                                                                     )
(---------------------------------------------------------------------)



 Processing NC Parameters file ...

 NC PARAMETERS
 -------------

 FORMAT   		2.4
 MACHINE-OFFSET		x:0.000000	y:0.000000
 FEEDRATE		1
 COORDINATES		ABSOLUTE
 OUTPUT-UNITS		ENGLISH
 TOOL-ORDER		INCREASING
 REPEAT-CODES		YES
 SUPPRESS-LEAD-ZEROES	NO
 SUPPRESS-TRAIL-ZEROES	NO
 SUPPRESS-EQUAL		NO
 TOOL-SELECT		YES
 HEADER			08_037760d
 LEADER			12
 CODE			ASCII
 SEPARATE		NO
 OPTIMIZE_DRILLING	NO
 ENHANCED_EXCELLON	NO
 SCALE			1.000000

 WARNING: Design precision is greater than that of the drill output file data.
          Data rounding errors are very possible.
 WARNING: This design contains 4 slot holes that can NOT be drilled.
          They can be processed by NC routing instead.

 WARNING: Can't find tool file (nc_tools.txt)
          ... will auto-generate tool file (nc_tools_auto.txt)


     Auto-generating tool file nc_tools_auto.txt
     -------------------------------------------

           Size  Plating  Tool        + Tolerance  - Tolerance

          10.00  P        T01            0.000000     0.000000
          40.00  P        T02            0.000000     0.000000
          52.00  P        T03            0.000000     0.000000
         125.00  N        T04            2.000000     2.000000


 Drill files being output to directory 'C:/tmp/20_037760d/worklib/02_037760d_top/physical' ...



     'ncdrill-1-4.drl' created for holes connecting TOP and BOTTOM
     -------------------------------------------------------------

     Tool  Num     Size      +/- Tolerance     Plating   Quantity

     T01    1.  10.0000    0.0000/  0.0000      PLATED        433
     T02    2.  40.0000    0.0000/  0.0000      PLATED         12
     T03    3.  52.0000    0.0000/  0.0000      PLATED          2
     T04    4. 125.0000    2.0000/  2.0000  NON_PLATED          4

     ---- Total holes:                                        451

     ---- Total head travel:              22.71 feet (6.92 meters)

